STdemodaily/app/build/outputs/logs/manifest-merger-debug-report.txt
-- Merging decision tree log ---
manifest
ADDED from src/main/AndroidManifest.xml:1:39-40:12
INJECTED from src/main/AndroidManifest.xml:1:39-40:12
INJECTED from src/main/AndroidManifest.xml:1:39-40:12
INJECTED from src/main/AndroidManifest.xml:1:39-40:12
MERGED from [com.android.support.constraint:constraint-layout:1.0.2] AndroidManifest.xml:2:1-11:12
INJECTED from src/main/AndroidManifest.xml:1:39-40:12
INJECTED from src/main/AndroidManifest.xml:1:39-40:12
INJECTED from src/main/AndroidManifest.xml:1:39-40:12
	package
		ADDED from src/main/AndroidManifest.xml:2:1-27
		INJECTED from src/main/AndroidManifest.xml
		INJECTED from src/main/AndroidManifest.xml
	android:versionName
		INJECTED from src/main/AndroidManifest.xml
		ADDED from src/main/AndroidManifest.xml:1:39-40:12
		INJECTED from src/main/AndroidManifest.xml
	android:versionCode
		INJECTED from src/main/AndroidManifest.xml
		ADDED from src/main/AndroidManifest.xml:1:39-40:12
		INJECTED from src/main/AndroidManifest.xml
	xmlns:android
		ADDED from src/main/AndroidManifest.xml:1:49-107
uses-permission#android.permission.ACCESS_NETWORK_STATE
ADDED from src/main/AndroidManifest.xml:3:5-79
	android:name
		ADDED from src/main/AndroidManifest.xml:3:22-76
uses-permission#android.permission.INTERNET
ADDED from src/main/AndroidManifest.xml:4:5-67
	android:name
		ADDED from src/main/AndroidManifest.xml:4:22-64
uses-permission#android.permission.ACCESS_WIFI_STATE
ADDED from src/main/AndroidManifest.xml:5:5-76
	android:name
		ADDED from src/main/AndroidManifest.xml:5:22-73
uses-permission#android.permission.CHANGE_WIFI_STATE
ADDED from src/main/AndroidManifest.xml:6:5-76
	android:name
		ADDED from src/main/AndroidManifest.xml:6:22-73
uses-permission#android.permission.READ_EXTERNAL_STORAGE
ADDED from src/main/AndroidManifest.xml:7:5-80
	android:name
		ADDED from src/main/AndroidManifest.xml:7:22-77
uses-permission#android.permission.WRITE_EXTERNAL_STORAGE
ADDED from src/main/AndroidManifest.xml:8:5-81
	android:name
		ADDED from src/main/AndroidManifest.xml:8:22-78
uses-permission#android.permission.MOUNT_FORMAT_FILESYSTEMS
ADDED from src/main/AndroidManifest.xml:9:5-83
	android:name
		ADDED from src/main/AndroidManifest.xml:9:22-80
uses-permission#android.permission.MOUNT_UNMOUNT_FILESYSTEMS
ADDED from src/main/AndroidManifest.xml:10:5-84
	android:name
		ADDED from src/main/AndroidManifest.xml:10:22-81
uses-permission#android.permission.RECEIVE_BOOT_COMPLETED
ADDED from src/main/AndroidManifest.xml:11:5-81
	android:name
		ADDED from src/main/AndroidManifest.xml:11:22-78
application
ADDED from src/main/AndroidManifest.xml:12:1-38:15
MERGED from [com.android.support.constraint:constraint-layout:1.0.2] AndroidManifest.xml:9:5-20
MERGED from [com.android.support.constraint:constraint-layout:1.0.2] AndroidManifest.xml:9:5-20
	android:supportsRtl
		ADDED from src/main/AndroidManifest.xml:15:5-31
	android:label
		ADDED from src/main/AndroidManifest.xml:14:5-37
	android:allowBackup
		ADDED from src/main/AndroidManifest.xml:13:5-31
	android:theme
		ADDED from src/main/AndroidManifest.xml:16:5-36
activity#afei.stdemodaily.activity.MainActivity
ADDED from src/main/AndroidManifest.xml:17:5-27:16
	android:screenOrientation
		ADDED from src/main/AndroidManifest.xml:18:9-45
	android:name
		ADDED from src/main/AndroidManifest.xml:17:15-68
intent-filter#android.intent.action.MAIN+android.intent.category.DEFAULT+android.intent.category.HOME+android.intent.category.LAUNCHER+android.intent.category.MONKEY
ADDED from src/main/AndroidManifest.xml:19:9-26:25
action#android.intent.action.MAIN
ADDED from src/main/AndroidManifest.xml:20:13-65
	android:name
		ADDED from src/main/AndroidManifest.xml:20:21-62
category#android.intent.category.LAUNCHER
ADDED from src/main/AndroidManifest.xml:21:13-73
	android:name
		ADDED from src/main/AndroidManifest.xml:21:23-70
category#android.intent.category.HOME
ADDED from src/main/AndroidManifest.xml:22:13-69
	android:name
		ADDED from src/main/AndroidManifest.xml:22:23-66
category#android.intent.category.DEFAULT
ADDED from src/main/AndroidManifest.xml:23:13-72
	android:name
		ADDED from src/main/AndroidManifest.xml:23:23-69
category#android.intent.category.MONKEY
ADDED from src/main/AndroidManifest.xml:24:13-70
	android:name
		ADDED from src/main/AndroidManifest.xml:24:23-68
service#afei.stdemodaily.dailydown.DailyService
ADDED from src/main/AndroidManifest.xml:28:5-29:15
	android:name
		ADDED from src/main/AndroidManifest.xml:28:14-68
receiver#afei.stdemodaily.dailydown.DailyReceiver
ADDED from src/main/AndroidManifest.xml:30:5-35:16
	android:name
		ADDED from src/main/AndroidManifest.xml:30:15-70
intent-filter#afei.stdemodaily.begin+afei.stdemodaily.end
ADDED from src/main/AndroidManifest.xml:31:9-34:25
	android:priority
		ADDED from src/main/AndroidManifest.xml:31:24-47
action#afei.stdemodaily.begin
ADDED from src/main/AndroidManifest.xml:32:13-61
	android:name
		ADDED from src/main/AndroidManifest.xml:32:21-58
action#afei.stdemodaily.end
ADDED from src/main/AndroidManifest.xml:33:13-59
	android:name
		ADDED from src/main/AndroidManifest.xml:33:21-56
uses-sdk
INJECTED from src/main/AndroidManifest.xml reason: use-sdk injection requested
INJECTED from src/main/AndroidManifest.xml
INJECTED from src/main/AndroidManifest.xml
MERGED from [com.android.support.constraint:constraint-layout:1.0.2] AndroidManifest.xml:5:5-7:41
MERGED from [com.android.support.constraint:constraint-layout:1.0.2] AndroidManifest.xml:5:5-7:41
INJECTED from src/main/AndroidManifest.xml
INJECTED from src/main/AndroidManifest.xml
	android:targetSdkVersion
		INJECTED from src/main/AndroidManifest.xml
		ADDED from src/main/AndroidManifest.xml
		INJECTED from src/main/AndroidManifest.xml
	android:minSdkVersion
		INJECTED from src/main/AndroidManifest.xml
		ADDED from src/main/AndroidManifest.xml
		INJECTED from src/main/AndroidManifest.xml